ucliGUI::start /home/ecelrc/students/mgontala/uarch/uarch_project/tb/main_tb/simv -ucligui 
set ucliGUI::state
set ucliGUI::state
ucliCore::getToolPID
synopsys::env hasTB
trigger_hier_stack_context_switch 0
synUtils::setDVEInitPhase 1
synopsys::dump -type VPD -file /home/ecelrc/students/mgontala/uarch/uarch_project/tb/main_tb/inter.vpd -locking
synopsys::dump -autoflush on -fid VPD4
set ::dve_fid VPD4
synUtils::setDVEInitPhase 0
ucliCore::getToolPID
synUtils::sendTool -active _icl_setToolSocket /tmp/smlnp2LWPyE
synUtils::sendTool -active {_icl_start_rpc -version "K-2015.09-SP1_Full64" -sync_file /tmp/vcs_dve_rpc.mgontala.8154}
synUtils::sendTool -active {_icl_createSharedMemory /tmp/vcs_dve_general.mgontala.8154}
config endofsim noexit
config onfail enable all
config syscaddplainmembers
config syscaddsourcenames
config syscaddstructtypes
synopsys::listing -disable
# Begin_DVE_Session_Save_Info
# DVE restart session
# Saved on Sun Apr 8 20:51:28 2018
# Designs open: 1
#   Sim: /home/ecelrc/students/mgontala/uarch/uarch_project/tb/main_tb/simv
# Toplevel windows open: 2
# 	TopLevel.1
# 	TopLevel.2
#   Source.1: system.u_main_mem.u_mem_array.row_gen[0].col_gen[0].u_sram128x8_1
#   Wave.1: 4 signals
#   Group count = 2
#   Group Group1 signal count = 1
#   Group Group2 signal count = 3
# End_DVE_Session_Save_Info
# DVE version: K-2015.09-SP1_Full64
# DVE build date: Nov 24 2015 21:15:24
#<Session mode="Restart" path=".restartSimSession.tcl" type="Debug">
# Application preferences
#<WindowLayout>
# DVE top-level session
# Create and position top-level window: TopLevel.1
set TopLevel.1 TopLevel.1
# Docked window settings
set HSPane.1 HSPane.1
set Hier.1 Hier.1
set DLPane.1 DLPane.1
set Data.1 Data.1
set Console.1 Console.1
# MDI window settings
set Source.1 Source.1
# End MDI window settings
# Create and position top-level window: TopLevel.2
set TopLevel.2 TopLevel.2
# Docked window settings
# MDI window settings
set Wave.1 Wave.1
# End MDI window settings
#</WindowLayout>
#<Database>
#</Database>
# DVE Global setting session:
# Global: Breakpoints
# Global: Bus
# Global: Expressions
# Global: Signal Time Shift
# Global: Signal Compare
# Global: Signal Groups
synopsys::dump -add {{system.u_main_mem.u_mem_array.row_gen[0].col_gen[0].u_tri_buf32_1}} -scope "." -depth 1 -fid VPD4
synopsys::dump -add {system} -scope "." -depth 1 -fid VPD4
set _session_group_7 Group1
set Group1 "$_session_group_7"
set _session_group_8 Group2
set Group2 "$_session_group_8"
# Global: Highlighting
# Global: Stack
# Post database loading setting...
# Save global setting...
# Wave/List view global setting
# Close all empty TopLevel windows
foreach __top [gui_ekki_get_window_ids -type TopLevel] {     if { [llength [gui_ekki_get_window_ids -parent $__top]] == 0} {         gui_close_window -window $__top     } }
# DVE View/pane content session:
# Hier 'Hier.1'
catch {gui_list_expand -id ${Hier.1} system}
catch {gui_list_expand -id ${Hier.1} system.u_main_mem}
catch {gui_list_expand -id ${Hier.1} system.u_main_mem.u_mem_array}
catch {gui_list_select -id ${Hier.1} {{system.u_main_mem.u_mem_array.row_gen[0].col_gen[0].u_sram128x8_1}}}
# Data 'Data.1'
catch { gui_list_select -id ${Data.1} {{system.u_main_mem.u_mem_array.row_gen[0].col_gen[0].u_sram128x8_1.mem} }}
# Source 'Source.1'
# View 'Wave.1'
set groupExD [gui_get_pref_value -category Wave -key exclusiveSG]
set origWaveHeight [gui_get_pref_value -category Wave -key waveRowHeight]
set origGroupCreationState [gui_list_create_group_when_add -wave]
synopsys::dump -add {system.main_mem_page0 } -aggregates  -fid VPD4
synopsys::dump -add {{system.u_main_mem.u_mem_array.row_gen[0].col_gen[0].u_sram128x8_1.mem} } -aggregates  -fid VPD4
if {$origGroupCreationState} { 	gui_list_create_group_when_add -wave -enable }
if { $groupExD } {  gui_msg_report -code DVWW028 }
# Restore toplevel window zorder
# The toplevel window could be closed if it has no view/pane
if {[gui_exist_window -window ${TopLevel.1}]} { 	gui_set_active_window -window ${TopLevel.1} 	gui_set_active_window -window ${Source.1} 	gui_set_active_window -window ${DLPane.1} }
if {[gui_exist_window -window ${TopLevel.2}]} { 	gui_set_active_window -window ${TopLevel.2} 	gui_set_active_window -window ${Wave.1} }
#</Session>
synopsys::run
set ucliGUI::state
set ucliGUI::state
set ucliGUI::state
set ucliGUI::state
ucliGUI::getSignalValues -scope {system.u_main_mem.u_mem_array.row_gen[0].col_gen[0].u_sram128x8_1} -radix {hexadecimal } -list {{mem[0][7:0]} }
