22:45:24    16 -->                                                             [tcl] ucliGUI::connect -toolargs -ucligui -toolexe ./simv -pid 18100 -toolin /tmp/vcs_20180409034521_18099_sshaikh1..stdin -toolout /tmp/vcs_20180409034521_18099_sshaikh1..stdout  
22:45:24    17 -->                                                                 [tcl] set ucliGUI::state
22:45:24    18 -->                                                                     [tcl] gui_update_simulator_buttons
22:45:25    19 -->                                                                         [tcl] set ucliGUI::state
22:45:25    20 -->                                                                             [tcl] ucliCore::getToolPID
22:45:25    21 -->                                                                                 [tcl] synopsys::env hasTB
22:45:25    22 -->                                                                                     [tcl] trigger_hier_stack_context_switch 0
22:45:25    23 -->                                                                                         [tcl] synUtils::setDVEInitPhase 1
22:45:25    24 -->                                                                                             [tcl] gui_get_env SIMSETUP::SIMVPD
22:45:25    25 --> ...  [tcl] synopsys::dump -type VPD -file /home/ecelrc/students/sshaikh1/microarch/repo/uarch_project/tb/main_tb/inter.vpd -locking
22:45:26    26 --> ...      [tcl] synopsys::dump -autoflush on -fid VPD0
22:45:26    27 --> ...          [tcl] set ::dve_fid VPD0
22:45:26    28 --> ...              [tcl] synUtils::setDVEInitPhase 0
22:45:26    29 --> ...                  [tcl] ucliCore::getToolPID
22:45:26    30 --> ...                      [tcl] synUtils::sendTool -active _icl_setToolSocket /tmp/smlnpveJpiR
22:45:26    31 --> ...                          [tcl] synUtils::sendTool -active {_icl_start_rpc -version "K-2015.09-SP1_Full64" -sync_file /tmp/vcs_dve_rpc.sshaikh1.18100}
22:45:26    32 --> ...                              [tcl] synUtils::sendTool -active {_icl_createSharedMemory /tmp/vcs_dve_general.sshaikh1.18100}
22:45:26    33 --> ...                                  [tcl] dveMisc::vbusExpand timeunit
22:45:26    34 --> ...                                      [tcl] config endofsim noexit
22:45:26    35 --> ...                                          [tcl] config onfail enable all
22:45:26    36 --> ...                                              [tcl] config syscaddplainmembers
22:45:26    37 --> ...                                                  [tcl] config syscaddsourcenames
22:45:26    38 --> ...                                                      [tcl] config syscaddstructtypes
22:45:26    39 --> ...                                                          [tcl] synopsys::listing -disable
22:45:35    40 --> ...                                                              [tcl] if [catch {gui_sim_terminate}] {gui_sim_terminate -kill}
22:45:35    41 --> ...                                                                  [tcl] synopsys::finish
22:45:35    42 --> ...                                                                      [tcl] set ucliGUI::state
22:45:35    43 --> ...                                                                          [tcl] set ucliGUI::state
22:45:35    44 --> ...                                                                              [tcl] catch {senv activeDomain} dveMisc::result 
22:45:35    45 --> ...                                                                                  [tcl] set dveMisc::result
22:45:35    46 --> ...                                                                                      [tcl] gui_update_simulator_buttons
22:45:35    47 --> ...                                                                                          [tcl] catch {senv activeDomain} dveMisc::result 
22:45:35    48 --> ...                                                                                              [tcl] set dveMisc::result
22:45:35    49 --> ...                                                                                                  [tcl] ucli_exit
