# Preference setting overrides
gui_create_pref_key -category {Globals} -key {load_detail_for_funcov} -value_type {bool} -value {false}

# State setting overrides
gui_state_default_create -off -ini
gui_set_state_value -category Layout -key child_console_size_x -value 1279
gui_set_state_value -category Layout -key child_console_size_y -value 154
gui_set_state_value -category Layout -key child_data_size_x -value 143
gui_set_state_value -category Layout -key child_data_size_y -value 282
gui_set_state_value -category Layout -key child_driver_size_x -value 935
gui_set_state_value -category Layout -key child_driver_size_y -value 179
gui_set_state_value -category Layout -key child_hier_col3 -value {-1}
gui_set_state_value -category Layout -key child_hier_colhier -value 244
gui_set_state_value -category Layout -key child_hier_colpd -value 0
gui_set_state_value -category Layout -key child_hier_size_x -value 274
gui_set_state_value -category Layout -key child_hier_size_y -value 282
gui_set_state_value -category Layout -key child_list_down -value 95
gui_set_state_value -category Layout -key child_list_right -value 444
gui_set_state_value -category Layout -key child_memory_docknewline -value false
gui_set_state_value -category Layout -key child_memory_pos_x -value {-2}
gui_set_state_value -category Layout -key child_memory_pos_y -value {-20}
gui_set_state_value -category Layout -key child_memory_size_x -value 857
gui_set_state_value -category Layout -key child_memory_size_y -value 274
gui_set_state_value -category Layout -key child_source_docknewline -value false
gui_set_state_value -category Layout -key child_source_pos_x -value {-2}
gui_set_state_value -category Layout -key child_source_pos_y -value {-20}
gui_set_state_value -category Layout -key child_source_size_x -value 865
gui_set_state_value -category Layout -key child_source_size_y -value 278
gui_set_state_value -category Layout -key child_wave_colname -value 174
gui_set_state_value -category Layout -key child_wave_colvalue -value 174
gui_set_state_value -category Layout -key child_wave_left -value 352
gui_set_state_value -category Layout -key child_wave_right -value 860
gui_set_state_value -category Layout -key main_pos_x -value 0
gui_set_state_value -category Layout -key main_pos_y -value 53
gui_set_state_value -category Layout -key main_size_x -value 1279
gui_set_state_value -category Layout -key main_size_y -value 615
gui_set_state_value -category Layout -key stand_list_child_docknewline -value false
gui_set_state_value -category Layout -key stand_list_child_pos_x -value {-2}
gui_set_state_value -category Layout -key stand_list_child_pos_y -value {-20}
gui_set_state_value -category Layout -key stand_list_child_size_x -value 604
gui_set_state_value -category Layout -key stand_list_child_size_y -value 245
gui_set_state_value -category Layout -key stand_list_top_pos_x -value 501
gui_set_state_value -category Layout -key stand_list_top_pos_y -value 53
gui_set_state_value -category Layout -key stand_list_top_size_y -value 552
gui_set_state_value -category Layout -key stand_wave_child_docknewline -value false
gui_set_state_value -category Layout -key stand_wave_child_pos_x -value {-2}
gui_set_state_value -category Layout -key stand_wave_child_pos_y -value {-20}
gui_set_state_value -category Layout -key stand_wave_child_size_x -value 1222
gui_set_state_value -category Layout -key stand_wave_child_size_y -value 426
gui_set_state_value -category Layout -key stand_wave_top_pos_x -value 3
gui_set_state_value -category Layout -key stand_wave_top_pos_y -value 55
gui_set_state_value -category Layout -key stand_wave_top_size_x -value 1220
gui_set_state_value -category Layout -key stand_wave_top_size_y -value 611
gui_create_state_key -category FindDialog -key m_pMatchCase -value_type bool -value false
gui_create_state_key -category FindDialog -key m_pMatchWord -value_type bool -value false
gui_create_state_key -category FindDialog -key m_pUseCombo -value_type string -value {}
gui_create_state_key -category FindDialog -key m_pWrapAround -value_type bool -value true
gui_create_state_key -category Widget_History -key TopLevel.2|EkTopVbox|wndWorkspace|qt_workspacechild2|Wave.1|left|filterVBox|controlHBox|unnamed -value_type string -value {memory* E* E8}
gui_create_state_key -category Widget_History -key TopLevel.3|EkTopVbox|wndWorkspace|qt_workspacechild3|Wave.2|left|filterVBox|controlHBox|unnamed -value_type string -value {w_st2* *set_cf* w_st1* w_*}
gui_create_state_key -category Widget_History -key TopLevel.5|EkTopVbox|wndWorkspace|qt_workspacechild7|Wave.4|left|filterVBox|controlHBox|unnamed -value_type string -value {U* w* n*}
gui_create_state_key -category Widget_History -key {dlgSimSetup|m_setupTab|tab pages|SimTab|m_VPDCombo} -value_type string -value inter.vpd
gui_create_state_key -category Widget_History -key {dlgSimSetup|m_setupTab|tab pages|SimTab|m_argsCombo} -value_type string -value {{-ucligui }}
gui_create_state_key -category Widget_History -key {dlgSimSetup|m_setupTab|tab pages|SimTab|m_curDirCombo} -value_type string -value {/home/ecelrc/students/sshaikh1/microarch/mem_test /home/ecelrc/students/sshaikh1/synth/alu/tb /home/ecelrc/students/sshaikh1/microarch/repo/tb/bus_test /home/ecelrc/students/sshaikh1/microarch/prob4/behavioral /home/ecelrc/students/sshaikh1/microarch/koggestoneadder}
gui_create_state_key -category Widget_History -key {dlgSimSetup|m_setupTab|tab pages|SimTab|m_exeCombo} -value_type string -value {/home/ecelrc/students/sshaikh1/microarch/mem_test/simv ./simv /home/ecelrc/students/sshaikh1/synth/alu/tb/simv /home/ecelrc/students/sshaikh1/microarch/repo/tb/bus_test/simv /home/ecelrc/students/sshaikh1/microarch/prob4/behavioral/simv}
gui_state_default_create -off

# Begin command logging
gui_sim_run Ucli -exe ./simv -args {-ucligui  } -dir .
