# Preference setting overrides
gui_create_pref_key -category {Globals} -key {load_detail_for_funcov} -value_type {bool} -value {false}

# State setting overrides
gui_state_default_create -off -ini
gui_set_state_value -category Layout -key child_console_size_x -value 1279
gui_set_state_value -category Layout -key child_console_size_y -value 168
gui_set_state_value -category Layout -key child_data_size_x -value 157
gui_set_state_value -category Layout -key child_data_size_y -value 268
gui_set_state_value -category Layout -key child_driver_size_x -value 935
gui_set_state_value -category Layout -key child_driver_size_y -value 179
gui_set_state_value -category Layout -key child_hier_col3 -value {-1}
gui_set_state_value -category Layout -key child_hier_colhier -value 225
gui_set_state_value -category Layout -key child_hier_colpd -value 0
gui_set_state_value -category Layout -key child_hier_size_x -value 226
gui_set_state_value -category Layout -key child_hier_size_y -value 268
gui_set_state_value -category Layout -key child_list_down -value 95
gui_set_state_value -category Layout -key child_list_right -value 444
gui_set_state_value -category Layout -key child_source_docknewline -value false
gui_set_state_value -category Layout -key child_source_pos_x -value {-2}
gui_set_state_value -category Layout -key child_source_pos_y -value {-20}
gui_set_state_value -category Layout -key child_source_size_x -value 899
gui_set_state_value -category Layout -key child_source_size_y -value 264
gui_set_state_value -category Layout -key child_wave_colname -value 174
gui_set_state_value -category Layout -key child_wave_colvalue -value 175
gui_set_state_value -category Layout -key child_wave_left -value 353
gui_set_state_value -category Layout -key child_wave_right -value 860
gui_set_state_value -category Layout -key main_pos_x -value 0
gui_set_state_value -category Layout -key main_pos_y -value 53
gui_set_state_value -category Layout -key main_size_x -value 1279
gui_set_state_value -category Layout -key main_size_y -value 615
gui_set_state_value -category Layout -key stand_list_child_docknewline -value false
gui_set_state_value -category Layout -key stand_list_child_pos_x -value {-2}
gui_set_state_value -category Layout -key stand_list_child_pos_y -value {-20}
gui_set_state_value -category Layout -key stand_list_child_size_x -value 604
gui_set_state_value -category Layout -key stand_list_child_size_y -value 245
gui_set_state_value -category Layout -key stand_list_top_pos_x -value 501
gui_set_state_value -category Layout -key stand_list_top_pos_y -value 53
gui_set_state_value -category Layout -key stand_list_top_size_y -value 552
gui_set_state_value -category Layout -key stand_wave_child_docknewline -value false
gui_set_state_value -category Layout -key stand_wave_child_pos_x -value {-2}
gui_set_state_value -category Layout -key stand_wave_child_pos_y -value {-20}
gui_set_state_value -category Layout -key stand_wave_child_size_x -value 1223
gui_set_state_value -category Layout -key stand_wave_child_size_y -value 427
gui_set_state_value -category Layout -key stand_wave_top_pos_x -value 2
gui_set_state_value -category Layout -key stand_wave_top_pos_y -value 54
gui_set_state_value -category Layout -key stand_wave_top_size_x -value 1220
gui_set_state_value -category Layout -key stand_wave_top_size_y -value 611
gui_create_state_key -category FindDialog -key m_pMatchCase -value_type bool -value false
gui_create_state_key -category FindDialog -key m_pMatchWord -value_type bool -value false
gui_create_state_key -category FindDialog -key m_pUseCombo -value_type string -value {}
gui_create_state_key -category FindDialog -key m_pWrapAround -value_type bool -value true
gui_create_state_key -category Widget_History -key TopLevel.2|EkTopVbox|wndWorkspace|qt_workspacechild2|Wave.1|left|filterVBox|controlHBox|unnamed -value_type string -value {memory* E* E8}
gui_create_state_key -category Widget_History -key TopLevel.3|EkTopVbox|wndWorkspace|qt_workspacechild3|Wave.2|left|filterVBox|controlHBox|unnamed -value_type string -value {w_st2* *set_cf* w_st1* w_*}
gui_create_state_key -category Widget_History -key {dlgSimSetup|m_setupTab|tab pages|SimTab|m_VPDCombo} -value_type string -value inter.vpd
gui_create_state_key -category Widget_History -key {dlgSimSetup|m_setupTab|tab pages|SimTab|m_argsCombo} -value_type string -value {{-ucligui }}
gui_create_state_key -category Widget_History -key {dlgSimSetup|m_setupTab|tab pages|SimTab|m_curDirCombo} -value_type string -value {/home/ecelrc/students/sshaikh1/microarch/project /home/ecelrc/students/sshaikh1/microarch/prob2/behavioral /home/ecelrc/students/sshaikh1/microarch/prob1}
gui_create_state_key -category Widget_History -key {dlgSimSetup|m_setupTab|tab pages|SimTab|m_exeCombo} -value_type string -value {./simv /home/ecelrc/students/sshaikh1/microarch/prob2/behavioral/simv /home/ecelrc/students/sshaikh1/microarch/prob1/simv}
gui_state_default_create -off

# Begin command logging
gui_sim_run Ucli -exe ./simv -args {-ucligui  } -dir .
gui_list_select -id Hier.1 -current_item_name TOP -current_item_type Scope  -selected  { TOP   }
gui_open_window Wave
gui_list_add -id Wave.1 -from Hier.1 { TOP } -insertionbar
gui_sim_continue 10000 
gui_zoom -window Wave.1 -full
gui_wv_zoom_timerange -id  Wave.1 24 2524
gui_wv_zoom_timerange -id  Wave.1 958 1863
gui_sim_continue 10000 
gui_sim_continue 10000 
gui_sim_continue 10000 
gui_sim_continue 10000 
gui_sim_continue 10000 
gui_sim_continue 10000 
gui_sim_continue 10000 
gui_sim_continue 10000 
gui_sim_continue 10000 
gui_zoom -window Wave.1 -full
gui_wv_zoom_timerange -id  Wave.1 0 3690
gui_wv_zoom_timerange -id  Wave.1 184 1744
gui_list_select -id Wave.1 -selected  { {TOP.a[31:0]}   }
gui_marker_move -id  Wave.1 C1 1000
gui_wv_zoom_timerange -id  Wave.1 789 1560
gui_set_time_units 1ns
gui_marker_move -id  Wave.1 C1 14.1
gui_marker_move -id  Wave.1 C1 10
gui_marker_move -id  Wave.1 C1 14.1
gui_set_env SIMSETUP::SIMCURRENTDIR /home/ecelrc/students/sshaikh1/microarch/koggestoneadder
gui_sim_restart -build /home/ecelrc/students/sshaikh1/microarch/koggestoneadder/simv.daidir/vcs_rebuild
gui_sim_continue 10000 
gui_sim_restart
gui_sim_continue 10000 
gui_zoom -window Wave.1 -full
gui_wv_zoom_timerange -id  Wave.1 0 47.14
gui_wv_zoom_timerange -id  Wave.1 8.03 19.3
gui_marker_move -id  Wave.1 C1 10
gui_marker_move -id  Wave.1 C1 13.8
gui_marker_move -id  Wave.1 C1 13.9
gui_sim_restart -build /home/ecelrc/students/sshaikh1/microarch/koggestoneadder/simv.daidir/vcs_rebuild
gui_sim_continue 10000 
gui_zoom -window Wave.1 -full
gui_wv_zoom_timerange -id  Wave.1 0 37.14
gui_wv_zoom_timerange -id  Wave.1 9.11 14.5
gui_marker_move -id  Wave.1 C1 10
gui_marker_move -id  Wave.1 C1 12.3
gui_marker_move -id  Wave.1 C1 10
gui_marker_move -id  Wave.1 C1 12.3
gui_sim_restart -build /home/ecelrc/students/sshaikh1/microarch/koggestoneadder/simv.daidir/vcs_rebuild
gui_sim_continue 10000 
gui_zoom -window Wave.1 -full
gui_wv_zoom_timerange -id  Wave.1 0 38.57
gui_wv_zoom_timerange -id  Wave.1 8.82 14.28
gui_marker_move -id  Wave.1 C1 12.3
gui_marker_move -id  Wave.1 C1 12.4
gui_marker_move -id  Wave.1 C1 10
gui_sim_restart -build /home/ecelrc/students/sshaikh1/microarch/koggestoneadder/simv.daidir/vcs_rebuild
gui_sim_continue 10000 
gui_zoom -window Wave.1 -full
gui_wv_zoom_timerange -id  Wave.1 0 27.14
gui_wv_zoom_timerange -id  Wave.1 9.43 14.09
gui_marker_move -id  Wave.1 C1 12.3
gui_marker_move -id  Wave.1 C1 12.4
gui_marker_move -id  Wave.1 C1 10
gui_close_window -window TopLevel.1
gui_marker_move -id  Wave.1 C1 12.4
gui_wv_zoom_timerange -id  Wave.1 9.43 14.34
